

Started GET "/" for ::1 at 2016-06-26 20:29:35 -0400

ActiveRecord::PendingMigrationError - 

Migrations are pending. To resolve this issue, run:

	bin/rake db:migrate RAILS_ENV=development

:
   () Users/jaime/.rvm/gems/ruby-2.2.3@global/gems/activerecord-4.2.6/lib/active_record/migration.rb:392:in `check_pending!'
   () Users/jaime/.rvm/gems/ruby-2.2.3@global/gems/activerecord-4.2.6/lib/active_record/migration.rb:373:in `call'
   () Users/jaime/.rvm/gems/ruby-2.2.3@global/gems/actionpack-4.2.6/lib/action_dispatch/middleware/callbacks.rb:29:in `block in call'
   () Users/jaime/.rvm/gems/ruby-2.2.3@global/gems/activesupport-4.2.6/lib/active_support/callbacks.rb:88:in `__run_callbacks__'
   () Users/jaime/.rvm/gems/ruby-2.2.3@global/gems/activesupport-4.2.6/lib/active_support/callbacks.rb:778:in `_run_call_callbacks'
   () Users/jaime/.rvm/gems/ruby-2.2.3@global/gems/activesupport-4.2.6/lib/active_support/callbacks.rb:81:in `run_callbacks'
   () Users/jaime/.rvm/gems/ruby-2.2.3@global/gems/actionpack-4.2.6/lib/action_dispatch/middleware/callbacks.rb:27:in `call'
   () Users/jaime/.rvm/gems/ruby-2.2.3@global/gems/actionpack-4.2.6/lib/action_dispatch/middleware/reloader.rb:73:in `call'
   () Users/jaime/.rvm/gems/ruby-2.2.3@global/gems/actionpack-4.2.6/lib/action_dispatch/middleware/remote_ip.rb:78:in `call'
  better_errors (2.1.1) lib/better_errors/middleware.rb:84:in `protected_app_call'
  better_errors (2.1.1) lib/better_errors/middleware.rb:79:in `better_errors_call'
  better_errors (2.1.1) lib/better_errors/middleware.rb:57:in `call'
   () Users/jaime/.rvm/gems/ruby-2.2.3@global/gems/actionpack-4.2.6/lib/action_dispatch/middleware/debug_exceptions.rb:17:in `call'
  web-console (2.3.0) lib/web_console/middleware.rb:28:in `block in call'
  web-console (2.3.0) lib/web_console/middleware.rb:18:in `call'
   () Users/jaime/.rvm/gems/ruby-2.2.3@global/gems/actionpack-4.2.6/lib/action_dispatch/middleware/show_exceptions.rb:30:in `call'
   () Users/jaime/.rvm/gems/ruby-2.2.3@global/gems/railties-4.2.6/lib/rails/rack/logger.rb:38:in `call_app'
   () Users/jaime/.rvm/gems/ruby-2.2.3@global/gems/railties-4.2.6/lib/rails/rack/logger.rb:20:in `block in call'
   () Users/jaime/.rvm/gems/ruby-2.2.3@global/gems/activesupport-4.2.6/lib/active_support/tagged_logging.rb:68:in `block in tagged'
   () Users/jaime/.rvm/gems/ruby-2.2.3@global/gems/activesupport-4.2.6/lib/active_support/tagged_logging.rb:26:in `tagged'
   () Users/jaime/.rvm/gems/ruby-2.2.3@global/gems/activesupport-4.2.6/lib/active_support/tagged_logging.rb:68:in `tagged'
   () Users/jaime/.rvm/gems/ruby-2.2.3@global/gems/railties-4.2.6/lib/rails/rack/logger.rb:20:in `call'
   () Users/jaime/.rvm/gems/ruby-2.2.3@global/gems/actionpack-4.2.6/lib/action_dispatch/middleware/request_id.rb:21:in `call'
  rack (1.6.4) lib/rack/methodoverride.rb:22:in `call'
  rack (1.6.4) lib/rack/runtime.rb:18:in `call'
   () Users/jaime/.rvm/gems/ruby-2.2.3@global/gems/activesupport-4.2.6/lib/active_support/cache/strategy/local_cache_middleware.rb:28:in `call'
  rack (1.6.4) lib/rack/lock.rb:17:in `call'
   () Users/jaime/.rvm/gems/ruby-2.2.3@global/gems/actionpack-4.2.6/lib/action_dispatch/middleware/static.rb:120:in `call'
  rack (1.6.4) lib/rack/sendfile.rb:113:in `call'
   () Users/jaime/.rvm/gems/ruby-2.2.3@global/gems/railties-4.2.6/lib/rails/engine.rb:518:in `call'
   () Users/jaime/.rvm/gems/ruby-2.2.3@global/gems/railties-4.2.6/lib/rails/application.rb:165:in `call'
  rack (1.6.4) lib/rack/lock.rb:17:in `call'
  rack (1.6.4) lib/rack/content_length.rb:15:in `call'
  rack (1.6.4) lib/rack/handler/webrick.rb:88:in `service'
  /Users/jaime/.rvm/rubies/ruby-2.2.3/lib/ruby/2.2.0/webrick/httpserver.rb:138:in `service'
  /Users/jaime/.rvm/rubies/ruby-2.2.3/lib/ruby/2.2.0/webrick/httpserver.rb:94:in `run'
  /Users/jaime/.rvm/rubies/ruby-2.2.3/lib/ruby/2.2.0/webrick/server.rb:294:in `block in start_thread'



Started POST "/__better_errors/efe987c5c98b2a7e/variables" for ::1 at 2016-06-26 20:29:35 -0400
  [1m[36m (1.1ms)[0m  [1mCREATE TABLE "schema_migrations" ("version" varchar NOT NULL) [0m
  [1m[35m (0.1ms)[0m  select sqlite_version(*)
  [1m[36m (1.0ms)[0m  [1mCREATE UNIQUE INDEX "unique_schema_migrations" ON "schema_migrations" ("version")[0m
  [1m[35mActiveRecord::SchemaMigration Load (0.1ms)[0m  SELECT "schema_migrations".* FROM "schema_migrations"
Migrating to CreateIndices (20160529232700)
  [1m[36m (0.1ms)[0m  [1mbegin transaction[0m
  [1m[35m (0.6ms)[0m  CREATE TABLE "indices" ("id" INTEGER PRIMARY KEY AUTOINCREMENT NOT NULL, "created_at" datetime NOT NULL, "updated_at" datetime NOT NULL) 
  [1m[36mSQL (0.2ms)[0m  [1mINSERT INTO "schema_migrations" ("version") VALUES (?)[0m  [["version", "20160529232700"]]
  [1m[35m (0.9ms)[0m  commit transaction
Migrating to CreateVermas (20160529232724)
  [1m[36m (0.1ms)[0m  [1mbegin transaction[0m
  [1m[35m (0.4ms)[0m  CREATE TABLE "vermas" ("id" INTEGER PRIMARY KEY AUTOINCREMENT NOT NULL, "created_at" datetime NOT NULL, "updated_at" datetime NOT NULL) 
  [1m[36mSQL (0.1ms)[0m  [1mINSERT INTO "schema_migrations" ("version") VALUES (?)[0m  [["version", "20160529232724"]]
  [1m[35m (0.9ms)[0m  commit transaction
Migrating to CreateCDentals (20160529232741)
  [1m[36m (0.1ms)[0m  [1mbegin transaction[0m
  [1m[35m (0.3ms)[0m  CREATE TABLE "c_dentals" ("id" INTEGER PRIMARY KEY AUTOINCREMENT NOT NULL, "created_at" datetime NOT NULL, "updated_at" datetime NOT NULL) 
  [1m[36mSQL (0.1ms)[0m  [1mINSERT INTO "schema_migrations" ("version") VALUES (?)[0m  [["version", "20160529232741"]]
  [1m[35m (0.8ms)[0m  commit transaction
Migrating to CreateInstitucions (20160529232942)
  [1m[36m (0.1ms)[0m  [1mbegin transaction[0m
  [1m[35m (0.3ms)[0m  CREATE TABLE "institucions" ("id" INTEGER PRIMARY KEY AUTOINCREMENT NOT NULL, "n_contrato" varchar, "nombre" varchar, "rut" varchar, "direccion" varchar, "comuna" varchar, "ciudad" varchar, "contacto" varchar, "telefono" varchar, "email" varchar, "created_at" datetime NOT NULL, "updated_at" datetime NOT NULL) 
  [1m[36mSQL (0.1ms)[0m  [1mINSERT INTO "schema_migrations" ("version") VALUES (?)[0m  [["version", "20160529232942"]]
  [1m[35m (0.9ms)[0m  commit transaction
Migrating to CreateUsers (20160529233317)
  [1m[36m (0.1ms)[0m  [1mbegin transaction[0m
  [1m[35m (0.3ms)[0m  CREATE TABLE "users" ("id" INTEGER PRIMARY KEY AUTOINCREMENT NOT NULL, "n_contrato" varchar, "rut" varchar, "nombre" varchar, "a_paterno" varchar, "a_materno" varchar, "email" varchar, "telefono" varchar, "sexo" varchar, "edad" varchar, "created_at" datetime NOT NULL, "updated_at" datetime NOT NULL) 
  [1m[36mSQL (0.2ms)[0m  [1mINSERT INTO "schema_migrations" ("version") VALUES (?)[0m  [["version", "20160529233317"]]
  [1m[35m (0.9ms)[0m  commit transaction
Migrating to CreateSliderPrincipals (20160529233625)
  [1m[36m (0.1ms)[0m  [1mbegin transaction[0m
  [1m[35m (0.3ms)[0m  CREATE TABLE "slider_principals" ("id" INTEGER PRIMARY KEY AUTOINCREMENT NOT NULL, "img" varchar, "link" varchar, "created_at" datetime NOT NULL, "updated_at" datetime NOT NULL) 
  [1m[36mSQL (0.1ms)[0m  [1mINSERT INTO "schema_migrations" ("version") VALUES (?)[0m  [["version", "20160529233625"]]
  [1m[35m (0.8ms)[0m  commit transaction
Migrating to CreateSliderCategoria (20160529233636)
  [1m[36m (0.1ms)[0m  [1mbegin transaction[0m
  [1m[35m (0.3ms)[0m  CREATE TABLE "slider_categoria" ("id" INTEGER PRIMARY KEY AUTOINCREMENT NOT NULL, "img" varchar, "link" varchar, "created_at" datetime NOT NULL, "updated_at" datetime NOT NULL) 
  [1m[36mSQL (0.1ms)[0m  [1mINSERT INTO "schema_migrations" ("version") VALUES (?)[0m  [["version", "20160529233636"]]
  [1m[35m (0.8ms)[0m  commit transaction
Migrating to CreateEstandarDestacados (20160529233700)
  [1m[36m (0.0ms)[0m  [1mbegin transaction[0m
  [1m[35m (0.3ms)[0m  CREATE TABLE "estandar_destacados" ("id" INTEGER PRIMARY KEY AUTOINCREMENT NOT NULL, "img" varchar, "link" varchar, "created_at" datetime NOT NULL, "updated_at" datetime NOT NULL) 
  [1m[36mSQL (0.6ms)[0m  [1mINSERT INTO "schema_migrations" ("version") VALUES (?)[0m  [["version", "20160529233700"]]
  [1m[35m (1.5ms)[0m  commit transaction
Migrating to CreateNewsletters (20160529233755)
  [1m[36m (0.1ms)[0m  [1mbegin transaction[0m
  [1m[35m (1.0ms)[0m  CREATE TABLE "newsletters" ("id" INTEGER PRIMARY KEY AUTOINCREMENT NOT NULL, "n_contrato" varchar, "img" varchar, "video" varchar, "created_at" datetime NOT NULL, "updated_at" datetime NOT NULL) 
  [1m[36mSQL (0.2ms)[0m  [1mINSERT INTO "schema_migrations" ("version") VALUES (?)[0m  [["version", "20160529233755"]]
  [1m[35m (9.5ms)[0m  commit transaction
Migrating to CreatePremia (20160529234020)
  [1m[36m (0.1ms)[0m  [1mbegin transaction[0m
  [1m[35m (0.3ms)[0m  CREATE TABLE "premia" ("id" INTEGER PRIMARY KEY AUTOINCREMENT NOT NULL, "n_contrato" varchar, "img" varchar, "created_at" datetime NOT NULL, "updated_at" datetime NOT NULL) 
  [1m[36mSQL (0.1ms)[0m  [1mINSERT INTO "schema_migrations" ("version") VALUES (?)[0m  [["version", "20160529234020"]]
  [1m[35m (0.9ms)[0m  commit transaction
Migrating to AddAttachmentImgToSliderPrincipals (20160530002732)
  [1m[36m (0.0ms)[0m  [1mbegin transaction[0m
  [1m[35m (0.8ms)[0m  ALTER TABLE "slider_principals" ADD "img_file_name" varchar
  [1m[36m (0.1ms)[0m  [1mALTER TABLE "slider_principals" ADD "img_content_type" varchar[0m
  [1m[35m (0.1ms)[0m  ALTER TABLE "slider_principals" ADD "img_file_size" integer
  [1m[36m (0.1ms)[0m  [1mALTER TABLE "slider_principals" ADD "img_updated_at" datetime[0m
  [1m[35mSQL (0.1ms)[0m  INSERT INTO "schema_migrations" ("version") VALUES (?)  [["version", "20160530002732"]]
  [1m[36m (0.8ms)[0m  [1mcommit transaction[0m
Migrating to CreateInicios (20160530014037)
  [1m[35m (0.1ms)[0m  begin transaction
  [1m[36m (0.3ms)[0m  [1mCREATE TABLE "inicios" ("id" INTEGER PRIMARY KEY AUTOINCREMENT NOT NULL, "created_at" datetime NOT NULL, "updated_at" datetime NOT NULL) [0m
  [1m[35mSQL (0.2ms)[0m  INSERT INTO "schema_migrations" ("version") VALUES (?)  [["version", "20160530014037"]]
  [1m[36m (1.3ms)[0m  [1mcommit transaction[0m
Migrating to SliderPrincipal (20160530171200)
  [1m[35m (0.1ms)[0m  begin transaction
  [1m[36m (0.6ms)[0m  [1mCREATE TEMPORARY TABLE "aslider_principals" ("id" INTEGER PRIMARY KEY AUTOINCREMENT NOT NULL, "img" varchar, "link" varchar, "created_at" datetime NOT NULL, "updated_at" datetime NOT NULL, "img_file_name" varchar, "img_content_type" varchar, "img_file_size" integer, "img_updated_at" datetime) [0m
  [1m[35m (0.2ms)[0m  SELECT * FROM "slider_principals"
  [1m[36m (0.9ms)[0m  [1mDROP TABLE "slider_principals"[0m
  [1m[35m (0.2ms)[0m  CREATE TABLE "slider_principals" ("id" INTEGER PRIMARY KEY AUTOINCREMENT NOT NULL, "img" varchar, "link" varchar, "created_at" datetime NOT NULL, "updated_at" datetime NOT NULL, "img_file_name" varchar, "img_content_type" varchar, "img_file_size" integer, "img_updated_at" datetime) 
  [1m[36m (0.1ms)[0m  [1mSELECT * FROM "aslider_principals"[0m
  [1m[35m (0.6ms)[0m  DROP TABLE "aslider_principals"
  [1m[36mSQL (0.4ms)[0m  [1mINSERT INTO "schema_migrations" ("version") VALUES (?)[0m  [["version", "20160530171200"]]
  [1m[35m (1.4ms)[0m  commit transaction
Migrating to AddAttachmentImgToEstandarDestacados (20160530190047)
  [1m[36m (0.1ms)[0m  [1mbegin transaction[0m
  [1m[35m (0.4ms)[0m  ALTER TABLE "estandar_destacados" ADD "img_file_name" varchar
  [1m[36m (0.1ms)[0m  [1mALTER TABLE "estandar_destacados" ADD "img_content_type" varchar[0m
  [1m[35m (0.1ms)[0m  ALTER TABLE "estandar_destacados" ADD "img_file_size" integer
  [1m[36m (0.1ms)[0m  [1mALTER TABLE "estandar_destacados" ADD "img_updated_at" datetime[0m
  [1m[35mSQL (0.1ms)[0m  INSERT INTO "schema_migrations" ("version") VALUES (?)  [["version", "20160530190047"]]
  [1m[36m (0.8ms)[0m  [1mcommit transaction[0m
Migrating to CreateEstandars (20160530195656)
  [1m[35m (0.1ms)[0m  begin transaction
  [1m[36m (0.4ms)[0m  [1mCREATE TABLE "estandars" ("id" INTEGER PRIMARY KEY AUTOINCREMENT NOT NULL, "n_contrato" varchar, "categoria" varchar, "caluga" varchar, "nombre" varchar, "descripcion" varchar, "img1" varchar, "img2" varchar, "img3" varchar, "img4" varchar, "img5" varchar, "direccion" varchar, "telefono" varchar, "correo" varchar, "mapa" varchar, "facebook" varchar, "twitter" varchar, "instagram" varchar, "contacto" varchar, "created_at" datetime NOT NULL, "updated_at" datetime NOT NULL) [0m
  [1m[35mSQL (0.1ms)[0m  INSERT INTO "schema_migrations" ("version") VALUES (?)  [["version", "20160530195656"]]
  [1m[36m (0.9ms)[0m  [1mcommit transaction[0m
Migrating to AddAttachmentCalugaToEstandars (20160530203740)
  [1m[35m (0.1ms)[0m  begin transaction
  [1m[36m (1.0ms)[0m  [1mALTER TABLE "estandars" ADD "caluga_file_name" varchar[0m
  [1m[35m (0.5ms)[0m  ALTER TABLE "estandars" ADD "caluga_content_type" varchar
  [1m[36m (0.4ms)[0m  [1mALTER TABLE "estandars" ADD "caluga_file_size" integer[0m
  [1m[35m (0.2ms)[0m  ALTER TABLE "estandars" ADD "caluga_updated_at" datetime
  [1m[36mSQL (0.3ms)[0m  [1mINSERT INTO "schema_migrations" ("version") VALUES (?)[0m  [["version", "20160530203740"]]
  [1m[35m (1.0ms)[0m  commit transaction
Migrating to AddAttachmentImg1ToEstandars (20160530203830)
  [1m[36m (0.1ms)[0m  [1mbegin transaction[0m
  [1m[35m (0.4ms)[0m  ALTER TABLE "estandars" ADD "img1_file_name" varchar
  [1m[36m (0.2ms)[0m  [1mALTER TABLE "estandars" ADD "img1_content_type" varchar[0m
  [1m[35m (0.2ms)[0m  ALTER TABLE "estandars" ADD "img1_file_size" integer
  [1m[36m (0.2ms)[0m  [1mALTER TABLE "estandars" ADD "img1_updated_at" datetime[0m
  [1m[35mSQL (0.1ms)[0m  INSERT INTO "schema_migrations" ("version") VALUES (?)  [["version", "20160530203830"]]
  [1m[36m (0.7ms)[0m  [1mcommit transaction[0m
Migrating to AddAttachmentImg2ToEstandars (20160530203833)
  [1m[35m (0.1ms)[0m  begin transaction
  [1m[36m (0.6ms)[0m  [1mALTER TABLE "estandars" ADD "img2_file_name" varchar[0m
  [1m[35m (0.3ms)[0m  ALTER TABLE "estandars" ADD "img2_content_type" varchar
  [1m[36m (3.3ms)[0m  [1mALTER TABLE "estandars" ADD "img2_file_size" integer[0m
  [1m[35m (0.2ms)[0m  ALTER TABLE "estandars" ADD "img2_updated_at" datetime
  [1m[36mSQL (0.2ms)[0m  [1mINSERT INTO "schema_migrations" ("version") VALUES (?)[0m  [["version", "20160530203833"]]
  [1m[35m (0.9ms)[0m  commit transaction
Migrating to AddAttachmentImg3ToEstandars (20160530203836)
  [1m[36m (0.1ms)[0m  [1mbegin transaction[0m
  [1m[35m (0.4ms)[0m  ALTER TABLE "estandars" ADD "img3_file_name" varchar
  [1m[36m (0.2ms)[0m  [1mALTER TABLE "estandars" ADD "img3_content_type" varchar[0m
  [1m[35m (0.2ms)[0m  ALTER TABLE "estandars" ADD "img3_file_size" integer
  [1m[36m (0.2ms)[0m  [1mALTER TABLE "estandars" ADD "img3_updated_at" datetime[0m
  [1m[35mSQL (0.1ms)[0m  INSERT INTO "schema_migrations" ("version") VALUES (?)  [["version", "20160530203836"]]
  [1m[36m (0.8ms)[0m  [1mcommit transaction[0m
Migrating to AddAttachmentImg4ToEstandars (20160530203838)
  [1m[35m (0.1ms)[0m  begin transaction
  [1m[36m (0.7ms)[0m  [1mALTER TABLE "estandars" ADD "img4_file_name" varchar[0m
  [1m[35m (0.4ms)[0m  ALTER TABLE "estandars" ADD "img4_content_type" varchar
  [1m[36m (0.3ms)[0m  [1mALTER TABLE "estandars" ADD "img4_file_size" integer[0m
  [1m[35m (0.3ms)[0m  ALTER TABLE "estandars" ADD "img4_updated_at" datetime
  [1m[36mSQL (0.2ms)[0m  [1mINSERT INTO "schema_migrations" ("version") VALUES (?)[0m  [["version", "20160530203838"]]
  [1m[35m (1.0ms)[0m  commit transaction
Migrating to AddAttachmentImg5ToEstandars (20160530203841)
  [1m[36m (0.1ms)[0m  [1mbegin transaction[0m
  [1m[35m (0.8ms)[0m  ALTER TABLE "estandars" ADD "img5_file_name" varchar
  [1m[36m (0.4ms)[0m  [1mALTER TABLE "estandars" ADD "img5_content_type" varchar[0m
  [1m[35m (0.3ms)[0m  ALTER TABLE "estandars" ADD "img5_file_size" integer
  [1m[36m (0.3ms)[0m  [1mALTER TABLE "estandars" ADD "img5_updated_at" datetime[0m
  [1m[35mSQL (0.3ms)[0m  INSERT INTO "schema_migrations" ("version") VALUES (?)  [["version", "20160530203841"]]
  [1m[36m (1.2ms)[0m  [1mcommit transaction[0m
Migrating to AddCategoriaToSliderCategoria (20160531161352)
  [1m[35m (0.6ms)[0m  begin transaction
  [1m[36m (0.7ms)[0m  [1mALTER TABLE "slider_categoria" ADD "categoria" varchar[0m
  [1m[35mSQL (0.3ms)[0m  INSERT INTO "schema_migrations" ("version") VALUES (?)  [["version", "20160531161352"]]
  [1m[36m (1.0ms)[0m  [1mcommit transaction[0m
Migrating to AddAttachmentImgToSliderCategoria (20160531163239)
  [1m[35m (0.1ms)[0m  begin transaction
  [1m[36m (0.4ms)[0m  [1mALTER TABLE "slider_categoria" ADD "img_file_name" varchar[0m
  [1m[35m (0.1ms)[0m  ALTER TABLE "slider_categoria" ADD "img_content_type" varchar
  [1m[36m (0.1ms)[0m  [1mALTER TABLE "slider_categoria" ADD "img_file_size" integer[0m
  [1m[35m (0.1ms)[0m  ALTER TABLE "slider_categoria" ADD "img_updated_at" datetime
  [1m[36mSQL (0.2ms)[0m  [1mINSERT INTO "schema_migrations" ("version") VALUES (?)[0m  [["version", "20160531163239"]]
  [1m[35m (1.3ms)[0m  commit transaction
Migrating to CreateSliderDentals (20160531200057)
  [1m[36m (0.1ms)[0m  [1mbegin transaction[0m
  [1m[35m (0.4ms)[0m  CREATE TABLE "slider_dentals" ("id" INTEGER PRIMARY KEY AUTOINCREMENT NOT NULL, "name" varchar, "img" varchar, "link" varchar, "created_at" datetime NOT NULL, "updated_at" datetime NOT NULL) 
  [1m[36mSQL (0.3ms)[0m  [1mINSERT INTO "schema_migrations" ("version") VALUES (?)[0m  [["version", "20160531200057"]]
  [1m[35m (7.7ms)[0m  commit transaction
Migrating to AddAttachmentImgToSliderDentals (20160531201025)
  [1m[36m (0.1ms)[0m  [1mbegin transaction[0m
  [1m[35m (0.4ms)[0m  ALTER TABLE "slider_dentals" ADD "img_file_name" varchar
  [1m[36m (0.1ms)[0m  [1mALTER TABLE "slider_dentals" ADD "img_content_type" varchar[0m
  [1m[35m (0.1ms)[0m  ALTER TABLE "slider_dentals" ADD "img_file_size" integer
  [1m[36m (0.1ms)[0m  [1mALTER TABLE "slider_dentals" ADD "img_updated_at" datetime[0m
  [1m[35mSQL (0.1ms)[0m  INSERT INTO "schema_migrations" ("version") VALUES (?)  [["version", "20160531201025"]]
  [1m[36m (0.9ms)[0m  [1mcommit transaction[0m
Migrating to AddImgToCDentals (20160606181824)
  [1m[35m (0.1ms)[0m  begin transaction
  [1m[36m (0.4ms)[0m  [1mALTER TABLE "c_dentals" ADD "img" varchar[0m
  [1m[35mSQL (0.2ms)[0m  INSERT INTO "schema_migrations" ("version") VALUES (?)  [["version", "20160606181824"]]
  [1m[36m (0.8ms)[0m  [1mcommit transaction[0m
Migrating to AddLinkToCDentals (20160606181858)
  [1m[35m (0.1ms)[0m  begin transaction
  [1m[36m (0.4ms)[0m  [1mALTER TABLE "c_dentals" ADD "link" varchar[0m
  [1m[35mSQL (0.1ms)[0m  INSERT INTO "schema_migrations" ("version") VALUES (?)  [["version", "20160606181858"]]
  [1m[36m (0.9ms)[0m  [1mcommit transaction[0m
Migrating to AddAttachmentImgToCDentals (20160606182215)
  [1m[35m (0.1ms)[0m  begin transaction
  [1m[36m (1.0ms)[0m  [1mALTER TABLE "c_dentals" ADD "img_file_name" varchar[0m
  [1m[35m (0.3ms)[0m  ALTER TABLE "c_dentals" ADD "img_content_type" varchar
  [1m[36m (0.2ms)[0m  [1mALTER TABLE "c_dentals" ADD "img_file_size" integer[0m
  [1m[35m (0.2ms)[0m  ALTER TABLE "c_dentals" ADD "img_updated_at" datetime
  [1m[36mSQL (0.2ms)[0m  [1mINSERT INTO "schema_migrations" ("version") VALUES (?)[0m  [["version", "20160606182215"]]
  [1m[35m (1.1ms)[0m  commit transaction
Migrating to FixColumnName (20160609000923)
  [1m[36m (0.2ms)[0m  [1mbegin transaction[0m
  [1m[35m (0.3ms)[0m  CREATE TEMPORARY TABLE "ausers" ("id" INTEGER PRIMARY KEY AUTOINCREMENT NOT NULL, "n_contrato" varchar, "rut" varchar, "nombre" varchar, "a_paterno" varchar, "a_materno" varchar, "correo" varchar, "telefono" varchar, "sexo" varchar, "edad" varchar, "created_at" datetime NOT NULL, "updated_at" datetime NOT NULL) 
  [1m[36m (0.2ms)[0m  [1mSELECT * FROM "users"[0m
  [1m[35m (0.4ms)[0m  DROP TABLE "users"
  [1m[36m (0.2ms)[0m  [1mCREATE TABLE "users" ("id" INTEGER PRIMARY KEY AUTOINCREMENT NOT NULL, "n_contrato" varchar, "rut" varchar, "nombre" varchar, "a_paterno" varchar, "a_materno" varchar, "correo" varchar, "telefono" varchar, "sexo" varchar, "edad" varchar, "created_at" datetime NOT NULL, "updated_at" datetime NOT NULL) [0m
  [1m[35m (0.1ms)[0m  SELECT * FROM "ausers"
  [1m[36m (0.1ms)[0m  [1mDROP TABLE "ausers"[0m
  [1m[35mSQL (0.2ms)[0m  INSERT INTO "schema_migrations" ("version") VALUES (?)  [["version", "20160609000923"]]
  [1m[36m (7.6ms)[0m  [1mcommit transaction[0m
Migrating to DeviseCreateViews (20160609172039)
  [1m[35m (0.1ms)[0m  begin transaction
  [1m[36m (0.5ms)[0m  [1mCREATE TABLE "views" ("id" INTEGER PRIMARY KEY AUTOINCREMENT NOT NULL, "email" varchar DEFAULT '' NOT NULL, "encrypted_password" varchar DEFAULT '' NOT NULL, "reset_password_token" varchar, "reset_password_sent_at" datetime, "remember_created_at" datetime, "sign_in_count" integer DEFAULT 0 NOT NULL, "current_sign_in_at" datetime, "last_sign_in_at" datetime, "current_sign_in_ip" varchar, "last_sign_in_ip" varchar, "created_at" datetime NOT NULL, "updated_at" datetime NOT NULL) [0m
  [1m[35m (0.6ms)[0m  CREATE UNIQUE INDEX "index_views_on_email" ON "views" ("email")
  [1m[36m (0.2ms)[0m  [1m            SELECT sql
            FROM sqlite_master
            WHERE name='index_views_on_email' AND type='index'
            UNION ALL
            SELECT sql
            FROM sqlite_temp_master
            WHERE name='index_views_on_email' AND type='index'
[0m
  [1m[35m (0.4ms)[0m  CREATE UNIQUE INDEX "index_views_on_reset_password_token" ON "views" ("reset_password_token")
  [1m[36mSQL (0.4ms)[0m  [1mINSERT INTO "schema_migrations" ("version") VALUES (?)[0m  [["version", "20160609172039"]]
  [1m[35m (1.8ms)[0m  commit transaction
Migrating to AddDeviseToUsers (20160609204846)
  [1m[36m (0.1ms)[0m  [1mbegin transaction[0m
  [1m[35m (1.1ms)[0m  ALTER TABLE "users" ADD "email" varchar DEFAULT '' NOT NULL
  [1m[36m (0.4ms)[0m  [1mALTER TABLE "users" ADD "encrypted_password" varchar DEFAULT '' NOT NULL[0m
  [1m[35m (0.4ms)[0m  ALTER TABLE "users" ADD "reset_password_token" varchar
  [1m[36m (0.3ms)[0m  [1mALTER TABLE "users" ADD "reset_password_sent_at" datetime[0m
  [1m[35m (0.3ms)[0m  ALTER TABLE "users" ADD "remember_created_at" datetime
  [1m[36m (0.2ms)[0m  [1mALTER TABLE "users" ADD "sign_in_count" integer DEFAULT 0 NOT NULL[0m
  [1m[35m (0.1ms)[0m  ALTER TABLE "users" ADD "current_sign_in_at" datetime
  [1m[36m (0.1ms)[0m  [1mALTER TABLE "users" ADD "last_sign_in_at" datetime[0m
  [1m[35m (0.1ms)[0m  ALTER TABLE "users" ADD "current_sign_in_ip" varchar
  [1m[36m (0.2ms)[0m  [1mALTER TABLE "users" ADD "last_sign_in_ip" varchar[0m
  [1m[35m (0.4ms)[0m  CREATE UNIQUE INDEX "index_users_on_email" ON "users" ("email")
  [1m[36m (0.1ms)[0m  [1m            SELECT sql
            FROM sqlite_master
            WHERE name='index_users_on_email' AND type='index'
            UNION ALL
            SELECT sql
            FROM sqlite_temp_master
            WHERE name='index_users_on_email' AND type='index'
[0m
  [1m[35m (0.2ms)[0m  CREATE UNIQUE INDEX "index_users_on_reset_password_token" ON "users" ("reset_password_token")
  [1m[36mSQL (0.3ms)[0m  [1mINSERT INTO "schema_migrations" ("version") VALUES (?)[0m  [["version", "20160609204846"]]
  [1m[35m (2.8ms)[0m  commit transaction
Migrating to CreateCResta (20160610144034)
  [1m[36m (0.2ms)[0m  [1mbegin transaction[0m
  [1m[35m (0.4ms)[0m  CREATE TABLE "c_resta" ("id" INTEGER PRIMARY KEY AUTOINCREMENT NOT NULL, "img" varchar, "link" varchar, "created_at" datetime NOT NULL, "updated_at" datetime NOT NULL) 
  [1m[36mSQL (0.1ms)[0m  [1mINSERT INTO "schema_migrations" ("version") VALUES (?)[0m  [["version", "20160610144034"]]
  [1m[35m (1.2ms)[0m  commit transaction
Migrating to CreateCServs (20160610144048)
  [1m[36m (0.1ms)[0m  [1mbegin transaction[0m
  [1m[35m (0.5ms)[0m  CREATE TABLE "c_servs" ("id" INTEGER PRIMARY KEY AUTOINCREMENT NOT NULL, "img" varchar, "link" varchar, "created_at" datetime NOT NULL, "updated_at" datetime NOT NULL) 
  [1m[36mSQL (0.2ms)[0m  [1mINSERT INTO "schema_migrations" ("version") VALUES (?)[0m  [["version", "20160610144048"]]
  [1m[35m (1.5ms)[0m  commit transaction
Migrating to CreateCDepos (20160610144100)
  [1m[36m (0.1ms)[0m  [1mbegin transaction[0m
  [1m[35m (0.5ms)[0m  CREATE TABLE "c_depos" ("id" INTEGER PRIMARY KEY AUTOINCREMENT NOT NULL, "img" varchar, "link" varchar, "created_at" datetime NOT NULL, "updated_at" datetime NOT NULL) 
  [1m[36mSQL (0.4ms)[0m  [1mINSERT INTO "schema_migrations" ("version") VALUES (?)[0m  [["version", "20160610144100"]]
  [1m[35m (2.6ms)[0m  commit transaction
Migrating to CreateSliderDepos (20160610144118)
  [1m[36m (0.1ms)[0m  [1mbegin transaction[0m
  [1m[35m (0.4ms)[0m  CREATE TABLE "slider_depos" ("id" INTEGER PRIMARY KEY AUTOINCREMENT NOT NULL, "img" varchar, "link" varchar, "created_at" datetime NOT NULL, "updated_at" datetime NOT NULL) 
  [1m[36mSQL (0.1ms)[0m  [1mINSERT INTO "schema_migrations" ("version") VALUES (?)[0m  [["version", "20160610144118"]]
  [1m[35m (1.0ms)[0m  commit transaction
Migrating to CreateSliderServs (20160610144129)
  [1m[36m (0.1ms)[0m  [1mbegin transaction[0m
  [1m[35m (0.4ms)[0m  CREATE TABLE "slider_servs" ("id" INTEGER PRIMARY KEY AUTOINCREMENT NOT NULL, "img" varchar, "link" varchar, "created_at" datetime NOT NULL, "updated_at" datetime NOT NULL) 
  [1m[36mSQL (0.2ms)[0m  [1mINSERT INTO "schema_migrations" ("version") VALUES (?)[0m  [["version", "20160610144129"]]
  [1m[35m (1.0ms)[0m  commit transaction
Migrating to CreateSliderResta (20160610144146)
  [1m[36m (0.3ms)[0m  [1mbegin transaction[0m
  [1m[35m (1.7ms)[0m  CREATE TABLE "slider_resta" ("id" INTEGER PRIMARY KEY AUTOINCREMENT NOT NULL, "img" varchar, "link" varchar, "created_at" datetime NOT NULL, "updated_at" datetime NOT NULL) 
  [1m[36mSQL (0.4ms)[0m  [1mINSERT INTO "schema_migrations" ("version") VALUES (?)[0m  [["version", "20160610144146"]]
  [1m[35m (1.3ms)[0m  commit transaction
Migrating to AddAttachmentImgToCDepos (20160610144447)
  [1m[36m (0.1ms)[0m  [1mbegin transaction[0m
  [1m[35m (0.8ms)[0m  ALTER TABLE "c_depos" ADD "img_file_name" varchar
  [1m[36m (0.2ms)[0m  [1mALTER TABLE "c_depos" ADD "img_content_type" varchar[0m
  [1m[35m (0.2ms)[0m  ALTER TABLE "c_depos" ADD "img_file_size" integer
  [1m[36m (0.2ms)[0m  [1mALTER TABLE "c_depos" ADD "img_updated_at" datetime[0m
  [1m[35mSQL (0.2ms)[0m  INSERT INTO "schema_migrations" ("version") VALUES (?)  [["version", "20160610144447"]]
  [1m[36m (0.9ms)[0m  [1mcommit transaction[0m
Migrating to AddAttachmentImgToCServs (20160610144513)
  [1m[35m (0.1ms)[0m  begin transaction
  [1m[36m (0.4ms)[0m  [1mALTER TABLE "c_servs" ADD "img_file_name" varchar[0m
  [1m[35m (0.2ms)[0m  ALTER TABLE "c_servs" ADD "img_content_type" varchar
  [1m[36m (0.1ms)[0m  [1mALTER TABLE "c_servs" ADD "img_file_size" integer[0m
  [1m[35m (0.1ms)[0m  ALTER TABLE "c_servs" ADD "img_updated_at" datetime
  [1m[36mSQL (0.1ms)[0m  [1mINSERT INTO "schema_migrations" ("version") VALUES (?)[0m  [["version", "20160610144513"]]
  [1m[35m (0.8ms)[0m  commit transaction
Migrating to AddAttachmentImgToSliderServs (20160610144552)
  [1m[36m (0.1ms)[0m  [1mbegin transaction[0m
  [1m[35m (0.5ms)[0m  ALTER TABLE "slider_servs" ADD "img_file_name" varchar
  [1m[36m (0.2ms)[0m  [1mALTER TABLE "slider_servs" ADD "img_content_type" varchar[0m
  [1m[35m (0.2ms)[0m  ALTER TABLE "slider_servs" ADD "img_file_size" integer
  [1m[36m (0.2ms)[0m  [1mALTER TABLE "slider_servs" ADD "img_updated_at" datetime[0m
  [1m[35mSQL (0.4ms)[0m  INSERT INTO "schema_migrations" ("version") VALUES (?)  [["version", "20160610144552"]]
  [1m[36m (1.0ms)[0m  [1mcommit transaction[0m
Migrating to AddAttachmentImgToSliderDepos (20160610144622)
  [1m[35m (0.1ms)[0m  begin transaction
  [1m[36m (0.4ms)[0m  [1mALTER TABLE "slider_depos" ADD "img_file_name" varchar[0m
  [1m[35m (0.1ms)[0m  ALTER TABLE "slider_depos" ADD "img_content_type" varchar
  [1m[36m (0.1ms)[0m  [1mALTER TABLE "slider_depos" ADD "img_file_size" integer[0m
  [1m[35m (0.1ms)[0m  ALTER TABLE "slider_depos" ADD "img_updated_at" datetime
  [1m[36mSQL (0.1ms)[0m  [1mINSERT INTO "schema_migrations" ("version") VALUES (?)[0m  [["version", "20160610144622"]]
  [1m[35m (0.8ms)[0m  commit transaction
Migrating to AddAttachmentImgToSliderResta (20160610145853)
  [1m[36m (0.1ms)[0m  [1mbegin transaction[0m
  [1m[35m (0.4ms)[0m  ALTER TABLE "slider_resta" ADD "img_file_name" varchar
  [1m[36m (0.1ms)[0m  [1mALTER TABLE "slider_resta" ADD "img_content_type" varchar[0m
  [1m[35m (0.2ms)[0m  ALTER TABLE "slider_resta" ADD "img_file_size" integer
  [1m[36m (0.1ms)[0m  [1mALTER TABLE "slider_resta" ADD "img_updated_at" datetime[0m
  [1m[35mSQL (0.1ms)[0m  INSERT INTO "schema_migrations" ("version") VALUES (?)  [["version", "20160610145853"]]
  [1m[36m (0.9ms)[0m  [1mcommit transaction[0m
Migrating to AddAttachmentImgToCResta (20160610145909)
  [1m[35m (0.1ms)[0m  begin transaction
  [1m[36m (0.4ms)[0m  [1mALTER TABLE "c_resta" ADD "img_file_name" varchar[0m
  [1m[35m (0.1ms)[0m  ALTER TABLE "c_resta" ADD "img_content_type" varchar
  [1m[36m (0.3ms)[0m  [1mALTER TABLE "c_resta" ADD "img_file_size" integer[0m
  [1m[35m (0.3ms)[0m  ALTER TABLE "c_resta" ADD "img_updated_at" datetime
  [1m[36mSQL (0.3ms)[0m  [1mINSERT INTO "schema_migrations" ("version") VALUES (?)[0m  [["version", "20160610145909"]]
  [1m[35m (1.1ms)[0m  commit transaction
Migrating to CreateCBells (20160610221034)
  [1m[36m (0.1ms)[0m  [1mbegin transaction[0m
  [1m[35m (0.8ms)[0m  CREATE TABLE "c_bells" ("id" INTEGER PRIMARY KEY AUTOINCREMENT NOT NULL, "img" varchar, "link" varchar, "created_at" datetime NOT NULL, "updated_at" datetime NOT NULL) 
  [1m[36mSQL (0.3ms)[0m  [1mINSERT INTO "schema_migrations" ("version") VALUES (?)[0m  [["version", "20160610221034"]]
  [1m[35m (1.2ms)[0m  commit transaction
Migrating to CreateSliderBells (20160610221104)
  [1m[36m (0.2ms)[0m  [1mbegin transaction[0m
  [1m[35m (1.0ms)[0m  CREATE TABLE "slider_bells" ("id" INTEGER PRIMARY KEY AUTOINCREMENT NOT NULL, "img" varchar, "link" varchar, "created_at" datetime NOT NULL, "updated_at" datetime NOT NULL) 
  [1m[36mSQL (0.2ms)[0m  [1mINSERT INTO "schema_migrations" ("version") VALUES (?)[0m  [["version", "20160610221104"]]
  [1m[35m (0.9ms)[0m  commit transaction
Migrating to DropSliderPrincipals (20160611012920)
  [1m[36m (0.1ms)[0m  [1mbegin transaction[0m
  [1m[35m (0.4ms)[0m  DROP TABLE "slider_principals"
  [1m[36mSQL (0.1ms)[0m  [1mINSERT INTO "schema_migrations" ("version") VALUES (?)[0m  [["version", "20160611012920"]]
  [1m[35m (0.9ms)[0m  commit transaction
Migrating to CreateSliders (20160611014501)
  [1m[36m (0.1ms)[0m  [1mbegin transaction[0m
  [1m[35m (1.2ms)[0m  CREATE TABLE "sliders" ("id" INTEGER PRIMARY KEY AUTOINCREMENT NOT NULL, "img" varchar, "link" varchar, "created_at" datetime NOT NULL, "updated_at" datetime NOT NULL) 
  [1m[36mSQL (0.2ms)[0m  [1mINSERT INTO "schema_migrations" ("version") VALUES (?)[0m  [["version", "20160611014501"]]
  [1m[35m (1.5ms)[0m  commit transaction
Migrating to AddAttachmentImgToSliders (20160611014614)
  [1m[36m (0.1ms)[0m  [1mbegin transaction[0m
  [1m[35m (0.5ms)[0m  ALTER TABLE "sliders" ADD "img_file_name" varchar
  [1m[36m (0.2ms)[0m  [1mALTER TABLE "sliders" ADD "img_content_type" varchar[0m
  [1m[35m (0.2ms)[0m  ALTER TABLE "sliders" ADD "img_file_size" integer
  [1m[36m (0.2ms)[0m  [1mALTER TABLE "sliders" ADD "img_updated_at" datetime[0m
  [1m[35mSQL (0.2ms)[0m  INSERT INTO "schema_migrations" ("version") VALUES (?)  [["version", "20160611014614"]]
  [1m[36m (2.3ms)[0m  [1mcommit transaction[0m
Migrating to Text (20160611164432)
  [1m[35m (0.1ms)[0m  begin transaction
  [1m[36mSQL (0.3ms)[0m  [1mINSERT INTO "schema_migrations" ("version") VALUES (?)[0m  [["version", "20160611164432"]]
  [1m[35m (0.9ms)[0m  commit transaction
Migrating to AddWebToEstandar (20160611174325)
  [1m[36m (0.1ms)[0m  [1mbegin transaction[0m
  [1m[35m (0.5ms)[0m  ALTER TABLE "estandars" ADD "web" varchar
  [1m[36mSQL (0.1ms)[0m  [1mINSERT INTO "schema_migrations" ("version") VALUES (?)[0m  [["version", "20160611174325"]]
  [1m[35m (0.8ms)[0m  commit transaction
Migrating to RemoveDateStamps (20160616231044)
  [1m[36m (0.1ms)[0m  [1mbegin transaction[0m
  [1m[35m (0.2ms)[0m  CREATE TEMPORARY TABLE "ainstitucions" ("id" INTEGER PRIMARY KEY AUTOINCREMENT NOT NULL, "n_contrato" varchar, "nombre" varchar, "rut" varchar, "direccion" varchar, "comuna" varchar, "ciudad" varchar, "contacto" varchar, "telefono" varchar, "email" varchar, "created_at" datetime NOT NULL, "updated_at" datetime NOT NULL) 
  [1m[36m (0.1ms)[0m  [1mSELECT * FROM "institucions"[0m
  [1m[35m (0.3ms)[0m  DROP TABLE "institucions"
  [1m[36m (0.2ms)[0m  [1mCREATE TABLE "institucions" ("id" INTEGER PRIMARY KEY AUTOINCREMENT NOT NULL, "n_contrato" varchar, "nombre" varchar, "rut" varchar, "direccion" varchar, "comuna" varchar, "ciudad" varchar, "contacto" varchar, "telefono" varchar, "email" varchar, "updated_at" datetime NOT NULL) [0m
  [1m[35m (0.1ms)[0m  SELECT * FROM "ainstitucions"
  [1m[36m (0.1ms)[0m  [1mDROP TABLE "ainstitucions"[0m
  [1m[35m (0.2ms)[0m  CREATE TEMPORARY TABLE "ainstitucions" ("id" INTEGER PRIMARY KEY AUTOINCREMENT NOT NULL, "n_contrato" varchar, "nombre" varchar, "rut" varchar, "direccion" varchar, "comuna" varchar, "ciudad" varchar, "contacto" varchar, "telefono" varchar, "email" varchar, "updated_at" datetime NOT NULL) 
  [1m[36m (0.1ms)[0m  [1mSELECT * FROM "institucions"[0m
  [1m[35m (0.5ms)[0m  DROP TABLE "institucions"
  [1m[36m (0.2ms)[0m  [1mCREATE TABLE "institucions" ("id" INTEGER PRIMARY KEY AUTOINCREMENT NOT NULL, "n_contrato" varchar, "nombre" varchar, "rut" varchar, "direccion" varchar, "comuna" varchar, "ciudad" varchar, "contacto" varchar, "telefono" varchar, "email" varchar) [0m
  [1m[35m (0.1ms)[0m  SELECT * FROM "ainstitucions"
  [1m[36m (0.2ms)[0m  [1mDROP TABLE "ainstitucions"[0m
  [1m[35mSQL (0.3ms)[0m  INSERT INTO "schema_migrations" ("version") VALUES (?)  [["version", "20160616231044"]]
  [1m[36m (1.5ms)[0m  [1mcommit transaction[0m
Migrating to AddInstitucionIdToUsers (20160616232602)
  [1m[35m (0.5ms)[0m  begin transaction
  [1m[36m (1.1ms)[0m  [1mALTER TABLE "users" ADD "Institucion_id" integer[0m
  [1m[35mSQL (0.3ms)[0m  INSERT INTO "schema_migrations" ("version") VALUES (?)  [["version", "20160616232602"]]
  [1m[36m (1.1ms)[0m  [1mcommit transaction[0m
Migrating to RemoveCorreo (20160616235119)
  [1m[35m (0.1ms)[0m  begin transaction
  [1m[36m (0.3ms)[0m  [1mCREATE TEMPORARY TABLE "ausers" ("id" INTEGER PRIMARY KEY AUTOINCREMENT NOT NULL, "n_contrato" varchar, "rut" varchar, "nombre" varchar, "a_paterno" varchar, "a_materno" varchar, "correo" varchar, "telefono" varchar, "sexo" varchar, "edad" varchar, "created_at" datetime NOT NULL, "updated_at" datetime NOT NULL, "email" varchar DEFAULT '' NOT NULL, "encrypted_password" varchar DEFAULT '' NOT NULL, "reset_password_token" varchar, "reset_password_sent_at" datetime, "remember_created_at" datetime, "sign_in_count" integer DEFAULT 0 NOT NULL, "current_sign_in_at" datetime, "last_sign_in_at" datetime, "current_sign_in_ip" varchar, "last_sign_in_ip" varchar, "Institucion_id" integer) [0m
  [1m[35m (0.1ms)[0m              SELECT sql
            FROM sqlite_master
            WHERE name='index_users_on_reset_password_token' AND type='index'
            UNION ALL
            SELECT sql
            FROM sqlite_temp_master
            WHERE name='index_users_on_reset_password_token' AND type='index'

  [1m[36m (0.1ms)[0m  [1m            SELECT sql
            FROM sqlite_master
            WHERE name='index_users_on_email' AND type='index'
            UNION ALL
            SELECT sql
            FROM sqlite_temp_master
            WHERE name='index_users_on_email' AND type='index'
[0m
  [1m[35m (0.2ms)[0m  CREATE UNIQUE INDEX "tindex_ausers_on_reset_password_token" ON "ausers" ("reset_password_token")
  [1m[36m (0.1ms)[0m  [1mCREATE UNIQUE INDEX "tindex_ausers_on_email" ON "ausers" ("email")[0m
  [1m[35m (0.1ms)[0m  SELECT * FROM "users"
  [1m[36m (0.4ms)[0m  [1mDROP TABLE "users"[0m
  [1m[35m (3.4ms)[0m  CREATE TABLE "users" ("id" INTEGER PRIMARY KEY AUTOINCREMENT NOT NULL, "n_contrato" varchar, "rut" varchar, "nombre" varchar, "a_paterno" varchar, "a_materno" varchar, "telefono" varchar, "sexo" varchar, "edad" varchar, "created_at" datetime NOT NULL, "updated_at" datetime NOT NULL, "email" varchar DEFAULT '' NOT NULL, "encrypted_password" varchar DEFAULT '' NOT NULL, "reset_password_token" varchar, "reset_password_sent_at" datetime, "remember_created_at" datetime, "sign_in_count" integer DEFAULT 0 NOT NULL, "current_sign_in_at" datetime, "last_sign_in_at" datetime, "current_sign_in_ip" varchar, "last_sign_in_ip" varchar, "Institucion_id" integer) 
  [1m[36m (0.1ms)[0m  [1m            SELECT sql
            FROM sqlite_master
            WHERE name='tindex_ausers_on_email' AND type='index'
            UNION ALL
            SELECT sql
            FROM sqlite_temp_master
            WHERE name='tindex_ausers_on_email' AND type='index'
[0m
  [1m[35m (0.1ms)[0m              SELECT sql
            FROM sqlite_master
            WHERE name='tindex_ausers_on_reset_password_token' AND type='index'
            UNION ALL
            SELECT sql
            FROM sqlite_temp_master
            WHERE name='tindex_ausers_on_reset_password_token' AND type='index'

  [1m[36m (0.4ms)[0m  [1mCREATE UNIQUE INDEX "index_users_on_email" ON "users" ("email")[0m
  [1m[35m (0.1ms)[0m              SELECT sql
            FROM sqlite_master
            WHERE name='index_users_on_email' AND type='index'
            UNION ALL
            SELECT sql
            FROM sqlite_temp_master
            WHERE name='index_users_on_email' AND type='index'

  [1m[36m (0.1ms)[0m  [1mCREATE UNIQUE INDEX "index_users_on_reset_password_token" ON "users" ("reset_password_token")[0m
  [1m[35m (0.1ms)[0m  SELECT * FROM "ausers"
  [1m[36m (0.2ms)[0m  [1mDROP TABLE "ausers"[0m
  [1m[35mSQL (0.1ms)[0m  INSERT INTO "schema_migrations" ("version") VALUES (?)  [["version", "20160616235119"]]
  [1m[36m (1.5ms)[0m  [1mcommit transaction[0m
Migrating to Fixcolumnname (20160619022055)
  [1m[35m (0.1ms)[0m  begin transaction
  [1m[36m (0.3ms)[0m  [1mCREATE TEMPORARY TABLE "ausers" ("id" INTEGER PRIMARY KEY AUTOINCREMENT NOT NULL, "n_contrato" varchar, "rut" varchar, "nombre" varchar, "a_paterno" varchar, "a_materno" varchar, "telefono" varchar, "sexo" varchar, "edad" varchar, "created_at" datetime NOT NULL, "updated_at" datetime NOT NULL, "email" varchar DEFAULT '' NOT NULL, "encrypted_password" varchar DEFAULT '' NOT NULL, "reset_password_token" varchar, "reset_password_sent_at" datetime, "remember_created_at" datetime, "sign_in_count" integer DEFAULT 0 NOT NULL, "current_sign_in_at" datetime, "last_sign_in_at" datetime, "current_sign_in_ip" varchar, "last_sign_in_ip" varchar, "institucion_id" integer) [0m
  [1m[35m (0.1ms)[0m              SELECT sql
            FROM sqlite_master
            WHERE name='index_users_on_reset_password_token' AND type='index'
            UNION ALL
            SELECT sql
            FROM sqlite_temp_master
            WHERE name='index_users_on_reset_password_token' AND type='index'

  [1m[36m (0.1ms)[0m  [1m            SELECT sql
            FROM sqlite_master
            WHERE name='index_users_on_email' AND type='index'
            UNION ALL
            SELECT sql
            FROM sqlite_temp_master
            WHERE name='index_users_on_email' AND type='index'
[0m
  [1m[35m (0.1ms)[0m  CREATE UNIQUE INDEX "tindex_ausers_on_reset_password_token" ON "ausers" ("reset_password_token")
  [1m[36m (0.1ms)[0m  [1mCREATE UNIQUE INDEX "tindex_ausers_on_email" ON "ausers" ("email")[0m
  [1m[35m (0.1ms)[0m  SELECT * FROM "users"
  [1m[36m (0.3ms)[0m  [1mDROP TABLE "users"[0m
  [1m[35m (0.2ms)[0m  CREATE TABLE "users" ("id" INTEGER PRIMARY KEY AUTOINCREMENT NOT NULL, "n_contrato" varchar, "rut" varchar, "nombre" varchar, "a_paterno" varchar, "a_materno" varchar, "telefono" varchar, "sexo" varchar, "edad" varchar, "created_at" datetime NOT NULL, "updated_at" datetime NOT NULL, "email" varchar DEFAULT '' NOT NULL, "encrypted_password" varchar DEFAULT '' NOT NULL, "reset_password_token" varchar, "reset_password_sent_at" datetime, "remember_created_at" datetime, "sign_in_count" integer DEFAULT 0 NOT NULL, "current_sign_in_at" datetime, "last_sign_in_at" datetime, "current_sign_in_ip" varchar, "last_sign_in_ip" varchar, "institucion_id" integer) 
  [1m[36m (0.1ms)[0m  [1m            SELECT sql
            FROM sqlite_master
            WHERE name='tindex_ausers_on_email' AND type='index'
            UNION ALL
            SELECT sql
            FROM sqlite_temp_master
            WHERE name='tindex_ausers_on_email' AND type='index'
[0m
  [1m[35m (0.1ms)[0m              SELECT sql
            FROM sqlite_master
            WHERE name='tindex_ausers_on_reset_password_token' AND type='index'
            UNION ALL
            SELECT sql
            FROM sqlite_temp_master
            WHERE name='tindex_ausers_on_reset_password_token' AND type='index'

  [1m[36m (0.5ms)[0m  [1mCREATE UNIQUE INDEX "index_users_on_email" ON "users" ("email")[0m
  [1m[35m (0.2ms)[0m              SELECT sql
            FROM sqlite_master
            WHERE name='index_users_on_email' AND type='index'
            UNION ALL
            SELECT sql
            FROM sqlite_temp_master
            WHERE name='index_users_on_email' AND type='index'

  [1m[36m (0.2ms)[0m  [1mCREATE UNIQUE INDEX "index_users_on_reset_password_token" ON "users" ("reset_password_token")[0m
  [1m[35m (0.1ms)[0m  SELECT * FROM "ausers"
  [1m[36m (0.2ms)[0m  [1mDROP TABLE "ausers"[0m
  [1m[35m (0.1ms)[0m              SELECT sql
            FROM sqlite_master
            WHERE name='index_users_on_reset_password_token' AND type='index'
            UNION ALL
            SELECT sql
            FROM sqlite_temp_master
            WHERE name='index_users_on_reset_password_token' AND type='index'

  [1m[36m (0.1ms)[0m  [1m            SELECT sql
            FROM sqlite_master
            WHERE name='index_users_on_email' AND type='index'
            UNION ALL
            SELECT sql
            FROM sqlite_temp_master
            WHERE name='index_users_on_email' AND type='index'
[0m
  [1m[35mSQL (0.3ms)[0m  INSERT INTO "schema_migrations" ("version") VALUES (?)  [["version", "20160619022055"]]
  [1m[36m (3.3ms)[0m  [1mcommit transaction[0m
Migrating to DeviseCreateAdmins (20160620004054)
  [1m[35m (0.2ms)[0m  begin transaction
DEPRECATION WARNING: `#timestamps` was called without specifying an option for `null`. In Rails 5, this behavior will change to `null: false`. You should manually specify `null: true` to prevent the behavior of your existing migrations from changing. (called from block in up at /Users/jaime/Library/Mobile Documents/com~apple~CloudDocs/WebFrame/WebFrame/portal_beneficios/pbv5.2/db/migrate/20160620004054_devise_create_admins.rb:14)
  [1m[36m (0.6ms)[0m  [1mCREATE TABLE "admins" ("id" INTEGER PRIMARY KEY AUTOINCREMENT NOT NULL, "email" varchar DEFAULT '' NOT NULL, "encrypted_password" varchar DEFAULT '' NOT NULL, "sign_in_count" integer DEFAULT 0, "current_sign_in_at" datetime, "last_sign_in_at" datetime, "current_sign_in_ip" varchar, "last_sign_in_ip" varchar, "failed_attempts" integer DEFAULT 0, "unlock_token" varchar, "locked_at" datetime, "created_at" datetime, "updated_at" datetime) [0m
  [1m[35mSQL (0.2ms)[0m  INSERT INTO "schema_migrations" ("version") VALUES (?)  [["version", "20160620004054"]]
  [1m[36m (1.4ms)[0m  [1mcommit transaction[0m
Migrating to AddAttachmentImgToCBells (20160622155842)
  [1m[35m (0.1ms)[0m  begin transaction
  [1m[36m (0.5ms)[0m  [1mALTER TABLE "c_bells" ADD "img_file_name" varchar[0m
  [1m[35m (0.2ms)[0m  ALTER TABLE "c_bells" ADD "img_content_type" varchar
  [1m[36m (0.2ms)[0m  [1mALTER TABLE "c_bells" ADD "img_file_size" integer[0m
  [1m[35m (3.1ms)[0m  ALTER TABLE "c_bells" ADD "img_updated_at" datetime
  [1m[36mSQL (0.2ms)[0m  [1mINSERT INTO "schema_migrations" ("version") VALUES (?)[0m  [["version", "20160622155842"]]
  [1m[35m (1.0ms)[0m  commit transaction
Migrating to AddAttachmentImgToSliderBells (20160622160819)
  [1m[36m (0.1ms)[0m  [1mbegin transaction[0m
  [1m[35m (0.4ms)[0m  ALTER TABLE "slider_bells" ADD "img_file_name" varchar
  [1m[36m (0.1ms)[0m  [1mALTER TABLE "slider_bells" ADD "img_content_type" varchar[0m
  [1m[35m (0.1ms)[0m  ALTER TABLE "slider_bells" ADD "img_file_size" integer
  [1m[36m (0.1ms)[0m  [1mALTER TABLE "slider_bells" ADD "img_updated_at" datetime[0m
  [1m[35mSQL (0.1ms)[0m  INSERT INTO "schema_migrations" ("version") VALUES (?)  [["version", "20160622160819"]]
  [1m[36m (0.9ms)[0m  [1mcommit transaction[0m
Migrating to CreateCRestaurants (20160622165128)
  [1m[35m (0.1ms)[0m  begin transaction
  [1m[36m (0.4ms)[0m  [1mCREATE TABLE "c_restaurants" ("id" INTEGER PRIMARY KEY AUTOINCREMENT NOT NULL, "img" varchar, "link" varchar, "created_at" datetime NOT NULL, "updated_at" datetime NOT NULL) [0m
  [1m[35mSQL (0.1ms)[0m  INSERT INTO "schema_migrations" ("version") VALUES (?)  [["version", "20160622165128"]]
  [1m[36m (0.9ms)[0m  [1mcommit transaction[0m
Migrating to CreateSliderRestaurants (20160622165137)
  [1m[35m (0.1ms)[0m  begin transaction
  [1m[36m (0.4ms)[0m  [1mCREATE TABLE "slider_restaurants" ("id" INTEGER PRIMARY KEY AUTOINCREMENT NOT NULL, "img" varchar, "link" varchar, "created_at" datetime NOT NULL, "updated_at" datetime NOT NULL) [0m
  [1m[35mSQL (0.1ms)[0m  INSERT INTO "schema_migrations" ("version") VALUES (?)  [["version", "20160622165137"]]
  [1m[36m (1.0ms)[0m  [1mcommit transaction[0m
Migrating to AddAttachmentImgToCRestaurants (20160622170516)
  [1m[35m (0.1ms)[0m  begin transaction
  [1m[36m (0.5ms)[0m  [1mALTER TABLE "c_restaurants" ADD "img_file_name" varchar[0m
  [1m[35m (0.2ms)[0m  ALTER TABLE "c_restaurants" ADD "img_content_type" varchar
  [1m[36m (0.1ms)[0m  [1mALTER TABLE "c_restaurants" ADD "img_file_size" integer[0m
  [1m[35m (0.1ms)[0m  ALTER TABLE "c_restaurants" ADD "img_updated_at" datetime
  [1m[36mSQL (0.2ms)[0m  [1mINSERT INTO "schema_migrations" ("version") VALUES (?)[0m  [["version", "20160622170516"]]
  [1m[35m (1.2ms)[0m  commit transaction
Migrating to AddAttachmentImgToSliderRestaurants (20160622170749)
  [1m[36m (0.1ms)[0m  [1mbegin transaction[0m
  [1m[35m (0.7ms)[0m  ALTER TABLE "slider_restaurants" ADD "img_file_name" varchar
  [1m[36m (2.5ms)[0m  [1mALTER TABLE "slider_restaurants" ADD "img_content_type" varchar[0m
  [1m[35m (3.4ms)[0m  ALTER TABLE "slider_restaurants" ADD "img_file_size" integer
  [1m[36m (0.9ms)[0m  [1mALTER TABLE "slider_restaurants" ADD "img_updated_at" datetime[0m
  [1m[35mSQL (0.2ms)[0m  INSERT INTO "schema_migrations" ("version") VALUES (?)  [["version", "20160622170749"]]
  [1m[36m (2.0ms)[0m  [1mcommit transaction[0m
  [1m[35mActiveRecord::SchemaMigration Load (0.2ms)[0m  SELECT "schema_migrations".* FROM "schema_migrations"
  [1m[36m (0.2ms)[0m  [1m            SELECT sql
            FROM sqlite_master
            WHERE name='index_users_on_reset_password_token' AND type='index'
            UNION ALL
            SELECT sql
            FROM sqlite_temp_master
            WHERE name='index_users_on_reset_password_token' AND type='index'
[0m
  [1m[35m (0.1ms)[0m              SELECT sql
            FROM sqlite_master
            WHERE name='index_users_on_email' AND type='index'
            UNION ALL
            SELECT sql
            FROM sqlite_temp_master
            WHERE name='index_users_on_email' AND type='index'

  [1m[36m (0.1ms)[0m  [1m            SELECT sql
            FROM sqlite_master
            WHERE name='index_views_on_reset_password_token' AND type='index'
            UNION ALL
            SELECT sql
            FROM sqlite_temp_master
            WHERE name='index_views_on_reset_password_token' AND type='index'
[0m
  [1m[35m (0.1ms)[0m              SELECT sql
            FROM sqlite_master
            WHERE name='index_views_on_email' AND type='index'
            UNION ALL
            SELECT sql
            FROM sqlite_temp_master
            WHERE name='index_views_on_email' AND type='index'



Started GET "/" for ::1 at 2016-06-26 20:30:09 -0400
  [1m[36mActiveRecord::SchemaMigration Load (0.2ms)[0m  [1mSELECT "schema_migrations".* FROM "schema_migrations"[0m
Processing by IniciosController#index as HTML
  [1m[35mSlider Load (0.2ms)[0m  SELECT "sliders".* FROM "sliders"
  [1m[36mEstandarDestacado Load (0.1ms)[0m  [1mSELECT "estandar_destacados".* FROM "estandar_destacados"[0m
  Rendered inicios/index.html.erb within layouts/application (5.5ms)
  Rendered application/_favicon.html.erb (28.8ms)
  Rendered partials/_navbar.html.erb (7.7ms)
  Rendered partials/_footer.html.erb (0.3ms)
Completed 200 OK in 7626ms (Views: 7604.0ms | ActiveRecord: 0.6ms)


Started GET "/assets/application.self-291b0a50b2ba038ac458e90490eede8476d0d3277d16f0975df0e6acda95cf86.css?body=1" for ::1 at 2016-06-26 20:30:17 -0400


Started GET "/assets/jquery_ujs.self-e87806d0cf4489aeb1bb7288016024e8de67fd18db693fe026fe3907581e53cd.js?body=1" for ::1 at 2016-06-26 20:30:17 -0400


Started GET "/assets/materialize/initial.self-79f269ead2aeaa809299033919f9128fa0d9700d0248cad0dcd6442ce43dc389.js?body=1" for ::1 at 2016-06-26 20:30:17 -0400


Started GET "/assets/jquery.self-660adc51e0224b731d29f575a6f1ec167ba08ad06ed5deca4f1e8654c135bf4c.js?body=1" for ::1 at 2016-06-26 20:30:17 -0400


Started GET "/assets/turbolinks.self-c37727e9bd6b2735da5c311aa83fead54ed0be6cc8bd9a65309e9c5abe2cbfff.js?body=1" for ::1 at 2016-06-26 20:30:17 -0400


Started GET "/assets/materialize/jquery.easing.1.3.self-0170bc905fbddc075a56bdccce1be6a58f3713a14137b607ba9bd9f96fd7835f.js?body=1" for ::1 at 2016-06-26 20:30:17 -0400


Started GET "/assets/materialize/velocity.min.self-5adbb81af5c205a959e06198156b4b31fcd57f02c592e3fb096d7b74e8f401a6.js?body=1" for ::1 at 2016-06-26 20:30:18 -0400


Started GET "/assets/materialize/animation.self-a1028b0bcf2e26331bedf7b90e81103f0707e69fdec488aa951de94b51987767.js?body=1" for ::1 at 2016-06-26 20:30:18 -0400


Started GET "/assets/materialize/hammer.min.self-bf8bdb0953b1a135f96716e362e1f7a8e64168c914fa77ca31973bb70e57a731.js?body=1" for ::1 at 2016-06-26 20:30:18 -0400


Started GET "/assets/materialize/jquery.hammer.self-73fd69102f356b9abfc9ee242b19895f62454f42cfcfa1f066be71d2c8f41c7a.js?body=1" for ::1 at 2016-06-26 20:30:18 -0400


Started GET "/assets/materialize/global.self-90649deff3358499c5859330da1363eea3e2bef75c80df5940f3894778f95027.js?body=1" for ::1 at 2016-06-26 20:30:18 -0400


Started GET "/assets/materialize/collapsible.self-4c13fea644257c8f9384721f7d3bc27bced51754ddf3602b56093e2450a5d9c2.js?body=1" for ::1 at 2016-06-26 20:30:18 -0400


Started GET "/assets/materialize/dropdown.self-846e8151c8bb8f7e39464f96bd95d48a37ff9831d8f478b6bdcbd563dd2534f0.js?body=1" for ::1 at 2016-06-26 20:30:18 -0400


Started GET "/assets/materialize/materialbox.self-8572736f9d17261189da8a9fc91555d63b29498f4f8665328e28261c7c4cdb68.js?body=1" for ::1 at 2016-06-26 20:30:18 -0400


Started GET "/assets/materialize/parallax.self-7ac34f0f3dcef83deee116ea473a2770cec13e07c8e0dcce08cc2372bbe295d3.js?body=1" for ::1 at 2016-06-26 20:30:18 -0400


Started GET "/assets/materialize/tabs.self-0eee47c7ae3f1cfcf49b9619bb067eaf4fa75379be3b78469a0120a8bf972bd3.js?body=1" for ::1 at 2016-06-26 20:30:18 -0400


Started GET "/assets/materialize/leanModal.self-127e920c37478ac94207994c34d28e40b2d44817a0d93176ed325bdbee80863e.js?body=1" for ::1 at 2016-06-26 20:30:18 -0400


Started GET "/assets/materialize/tooltip.self-df3538fd067523c8b7f4d50e060340ec0b551ebaba9733e157c404df9a96a185.js?body=1" for ::1 at 2016-06-26 20:30:18 -0400


Started GET "/assets/materialize/waves.self-26e9b9cfaa9ccbc292ed510f654bd279d69695f5337a14c9800b36e92f96735b.js?body=1" for ::1 at 2016-06-26 20:30:18 -0400


Started GET "/assets/materialize/toasts.self-1eaa9f33c4c3b83f381997876ba6ac53899a5ca72a6b401708c32625fc553adc.js?body=1" for ::1 at 2016-06-26 20:30:18 -0400


Started GET "/assets/materialize/sideNav.self-196d1801e7592bfd857227ce793d1de69b06fb6ca9d908f44f5618c8564a12d0.js?body=1" for ::1 at 2016-06-26 20:30:18 -0400


Started GET "/assets/materialize/scrollspy.self-2d0375d44b1d864ecb8e31c25a22c4f3be766284788b0c494ec51df71e2b0e09.js?body=1" for ::1 at 2016-06-26 20:30:18 -0400


Started GET "/assets/materialize/forms.self-e70e77c2b9157926587d6cfd009e8e0eedbaf059bdaa9e1bfe27b186b345598b.js?body=1" for ::1 at 2016-06-26 20:30:18 -0400


Started GET "/assets/materialize/slider.self-219e35a6b0ade584e951aa0f39fe9856b3ef0e6bb33af123dd4b8ce6757b03cb.js?body=1" for ::1 at 2016-06-26 20:30:18 -0400


Started GET "/assets/materialize/cards.self-b1de04b6f5f525d63199f556bb55d5b8bdae7170b91bfcb503958bc8ed10945b.js?body=1" for ::1 at 2016-06-26 20:30:18 -0400


Started GET "/assets/materialize/chips.self-9b19ca899ba360746581059852bf2a40b3338402eef9df9a7806efd8578056dd.js?body=1" for ::1 at 2016-06-26 20:30:18 -0400


Started GET "/assets/materialize/pushpin.self-101d3fec3225f47ac0da9bd501200d30f92f97f70fb15500c835cb850c962816.js?body=1" for ::1 at 2016-06-26 20:30:18 -0400


Started GET "/assets/materialize/buttons.self-fc0951c300b1984a00694eabc8c451531be448d646ac073b05e4d2fbf7209302.js?body=1" for ::1 at 2016-06-26 20:30:18 -0400


Started GET "/assets/materialize/transitions.self-c527b205edfdd1f961487c4c7beaf83c335262accb4dff964341a86eb60fd2f2.js?body=1" for ::1 at 2016-06-26 20:30:18 -0400


Started GET "/assets/materialize/scrollFire.self-9fb128253d776689dfe2091470e36d2e94c13c6340700135ee679aa20148dffd.js?body=1" for ::1 at 2016-06-26 20:30:18 -0400


Started GET "/assets/materialize/date_picker/picker.self-7a9d1216fe1172f8e8fd78fb86cfd4da25c909ebd6983cba5da20817d437d92b.js?body=1" for ::1 at 2016-06-26 20:30:18 -0400


Started GET "/assets/materialize/date_picker/picker.date.self-5924b278beda2df8570f137f72b37e2d0f516acbc11a0994d1abb74380f078ef.js?body=1" for ::1 at 2016-06-26 20:30:18 -0400


Started GET "/assets/materialize/character_counter.self-8bb854e15067a96db5bff6896d1d9435e4df83cf5bf6877a1d606940661d2588.js?body=1" for ::1 at 2016-06-26 20:30:18 -0400


Started GET "/assets/materialize/carousel.self-6f3b9002af3ab4d871a03a44d2e174370720ab31f19a4ee543c1904c32e2befa.js?body=1" for ::1 at 2016-06-26 20:30:18 -0400


Started GET "/assets/materialize-sprockets.self-4691589913babdfbd3fb736895105a8e826d4abde842e6d1e8dd2d188e255bc7.js?body=1" for ::1 at 2016-06-26 20:30:18 -0400


Started GET "/assets/jquery.slick.self-f428a41cc58c766dee2ae68075e4bb6b5308e7a46eb84b210f693b6e68e8fc8e.js?body=1" for ::1 at 2016-06-26 20:30:18 -0400


Started GET "/assets/c_bells.self-877aef30ae1b040ab8a3aba4e3e309a11d7f2612f44dde450b5c157aa5f95c05.js?body=1" for ::1 at 2016-06-26 20:30:18 -0400


Started GET "/assets/c_dentals.self-877aef30ae1b040ab8a3aba4e3e309a11d7f2612f44dde450b5c157aa5f95c05.js?body=1" for ::1 at 2016-06-26 20:30:18 -0400


Started GET "/assets/c_depos.self-877aef30ae1b040ab8a3aba4e3e309a11d7f2612f44dde450b5c157aa5f95c05.js?body=1" for ::1 at 2016-06-26 20:30:18 -0400


Started GET "/assets/c_resta.self-877aef30ae1b040ab8a3aba4e3e309a11d7f2612f44dde450b5c157aa5f95c05.js?body=1" for ::1 at 2016-06-26 20:30:18 -0400


Started GET "/assets/c_restaurants.self-877aef30ae1b040ab8a3aba4e3e309a11d7f2612f44dde450b5c157aa5f95c05.js?body=1" for ::1 at 2016-06-26 20:30:18 -0400


Started GET "/assets/c_servs.self-877aef30ae1b040ab8a3aba4e3e309a11d7f2612f44dde450b5c157aa5f95c05.js?body=1" for ::1 at 2016-06-26 20:30:18 -0400


Started GET "/assets/cssslidy.self-9f55bb44bb61a4b1c5e34c38453f100d2d23ca3bd72dca892fb5b09f97a27ea7.js?body=1" for ::1 at 2016-06-26 20:30:18 -0400


Started GET "/assets/estandar_destacados.self-877aef30ae1b040ab8a3aba4e3e309a11d7f2612f44dde450b5c157aa5f95c05.js?body=1" for ::1 at 2016-06-26 20:30:18 -0400


Started GET "/assets/estandars.self-877aef30ae1b040ab8a3aba4e3e309a11d7f2612f44dde450b5c157aa5f95c05.js?body=1" for ::1 at 2016-06-26 20:30:18 -0400


Started GET "/assets/indices.self-877aef30ae1b040ab8a3aba4e3e309a11d7f2612f44dde450b5c157aa5f95c05.js?body=1" for ::1 at 2016-06-26 20:30:18 -0400


Started GET "/assets/inicios.self-877aef30ae1b040ab8a3aba4e3e309a11d7f2612f44dde450b5c157aa5f95c05.js?body=1" for ::1 at 2016-06-26 20:30:18 -0400


Started GET "/assets/institucions.self-877aef30ae1b040ab8a3aba4e3e309a11d7f2612f44dde450b5c157aa5f95c05.js?body=1" for ::1 at 2016-06-26 20:30:18 -0400


Started GET "/assets/newsletters.self-877aef30ae1b040ab8a3aba4e3e309a11d7f2612f44dde450b5c157aa5f95c05.js?body=1" for ::1 at 2016-06-26 20:30:18 -0400


Started GET "/assets/premia.self-877aef30ae1b040ab8a3aba4e3e309a11d7f2612f44dde450b5c157aa5f95c05.js?body=1" for ::1 at 2016-06-26 20:30:18 -0400


Started GET "/assets/slider_bells.self-877aef30ae1b040ab8a3aba4e3e309a11d7f2612f44dde450b5c157aa5f95c05.js?body=1" for ::1 at 2016-06-26 20:30:18 -0400


Started GET "/assets/slider_categoria.self-877aef30ae1b040ab8a3aba4e3e309a11d7f2612f44dde450b5c157aa5f95c05.js?body=1" for ::1 at 2016-06-26 20:30:18 -0400


Started GET "/assets/slider_dentals.self-877aef30ae1b040ab8a3aba4e3e309a11d7f2612f44dde450b5c157aa5f95c05.js?body=1" for ::1 at 2016-06-26 20:30:19 -0400


Started GET "/assets/slider_depos.self-877aef30ae1b040ab8a3aba4e3e309a11d7f2612f44dde450b5c157aa5f95c05.js?body=1" for ::1 at 2016-06-26 20:30:19 -0400


Started GET "/assets/slider_principals.self-877aef30ae1b040ab8a3aba4e3e309a11d7f2612f44dde450b5c157aa5f95c05.js?body=1" for ::1 at 2016-06-26 20:30:19 -0400


Started GET "/assets/slider_resta.self-877aef30ae1b040ab8a3aba4e3e309a11d7f2612f44dde450b5c157aa5f95c05.js?body=1" for ::1 at 2016-06-26 20:30:19 -0400


Started GET "/assets/slider_restaurants.self-877aef30ae1b040ab8a3aba4e3e309a11d7f2612f44dde450b5c157aa5f95c05.js?body=1" for ::1 at 2016-06-26 20:30:19 -0400


Started GET "/assets/slider_servs.self-877aef30ae1b040ab8a3aba4e3e309a11d7f2612f44dde450b5c157aa5f95c05.js?body=1" for ::1 at 2016-06-26 20:30:19 -0400


Started GET "/assets/users.self-877aef30ae1b040ab8a3aba4e3e309a11d7f2612f44dde450b5c157aa5f95c05.js?body=1" for ::1 at 2016-06-26 20:30:19 -0400


Started GET "/assets/sliders.self-877aef30ae1b040ab8a3aba4e3e309a11d7f2612f44dde450b5c157aa5f95c05.js?body=1" for ::1 at 2016-06-26 20:30:19 -0400


Started GET "/assets/vermas.self-877aef30ae1b040ab8a3aba4e3e309a11d7f2612f44dde450b5c157aa5f95c05.js?body=1" for ::1 at 2016-06-26 20:30:19 -0400


Started GET "/assets/application.self-44dc72337fbefc4f8c73fc8781b922cf9e4f99f8d068e6563c3820851d9390f6.js?body=1" for ::1 at 2016-06-26 20:30:19 -0400
